<?xml version="1.0" encoding="UTF-8"?>
<!-- Generated by org.testng.reporters.JUnitReportReporter -->
<testsuite hostname="DESKTOP-MM75KI0" failures="0" tests="1" name="testInvoke.TestRunner" time="52.117" errors="0" timestamp="6 Jul 2020 14:48:23 GMT">
  <testcase classname="testInvoke.TestRunner" name="CucumberRunner" time="52.117"/>
</testsuite> <!-- testInvoke.TestRunner -->
