<?xml version="1.0" encoding="UTF-8"?>
<!-- Generated by org.testng.reporters.JUnitReportReporter -->
<testsuite hostname="DESKTOP-MM75KI0" failures="0" tests="1" name="test.TestNG_TestRunner" time="68.549" errors="0" timestamp="6 Jul 2020 14:14:19 GMT">
  <testcase classname="test.TestNG_TestRunner" name="CucumberRunner" time="68.549"/>
</testsuite> <!-- test.TestNG_TestRunner -->
